android/app/build/intermediates/manifest_merge_blame_file/release/manifest-merger-blame-release-report.txt
1<?xml version="1.0" encoding="utf-8"?>
2<manifest xmlns:android="http://schemas.android.com/apk/res/android"
3    package="com.masjidapp"
4    android:versionCode="1"
5    android:versionName="1.0" >
6
7    <uses-sdk
8        android:minSdkVersion="21"
8-->src\main\AndroidManifest.xml
9        android:targetSdkVersion="33" />
9-->src\main\AndroidManifest.xml
10
11    <uses-permission android:name="android.permission.INTERNET" />
11-->src\main\AndroidManifest.xml:4:5-67
11-->src\main\AndroidManifest.xml:4:22-64
12    <uses-permission android:name="android.permission.CAMERA" />
12-->src\main\AndroidManifest.xml:5:9-69
12-->src\main\AndroidManifest.xml:5:26-66
13
14    <uses-feature
14-->src\main\AndroidManifest.xml:6:9-89
15        android:name="android.hardware.camera"
15-->src\main\AndroidManifest.xml:6:23-61
16        android:required="false" />
16-->src\main\AndroidManifest.xml:6:62-86
17    <uses-feature
17-->src\main\AndroidManifest.xml:7:1-87
18        android:name="android.hardware.camera.front"
18-->src\main\AndroidManifest.xml:7:15-59
19        android:required="false" />
19-->src\main\AndroidManifest.xml:7:60-84
20
21    <uses-permission android:name="android.permission.WRITE_EXTERNAL_STORAGE" />
21-->src\main\AndroidManifest.xml:8:5-81
21-->src\main\AndroidManifest.xml:8:22-78
22    <uses-permission android:name="com.google.android.c2dm.permission.RECEIVE" />
22-->src\main\AndroidManifest.xml:9:5-81
22-->src\main\AndroidManifest.xml:9:22-79
23    <uses-permission android:name="android.permission.ACCESS_NETWORK_STATE" />
23-->src\main\AndroidManifest.xml:10:3-76
23-->src\main\AndroidManifest.xml:10:20-74
24    <uses-permission android:name="android.permission.VIBRATE" />
24-->src\main\AndroidManifest.xml:11:3-63
24-->src\main\AndroidManifest.xml:11:20-61
25    <uses-permission android:name="com.google.android.c2dm.permission.RECEIVE" />
25-->src\main\AndroidManifest.xml:9:5-81
25-->src\main\AndroidManifest.xml:9:22-79
26    <uses-permission android:name="android.permission.ACCESS_FINE_LOCATION" />
26-->src\main\AndroidManifest.xml:14:1-75
26-->src\main\AndroidManifest.xml:14:19-73
27    <uses-permission android:name="android.permission.ACCESS_COARSE_LOCATION" />
27-->src\main\AndroidManifest.xml:15:5-81
27-->src\main\AndroidManifest.xml:15:22-78
28    <uses-permission android:name="android.permission.RECORD_AUDIO" />
28-->src\main\AndroidManifest.xml:16:5-71
28-->src\main\AndroidManifest.xml:16:22-68
29    <uses-permission android:name="android.permission.WAKE_LOCK" />
29-->[:react-native-firebase_auth] AndroidManifest.xml:12:5-68
29-->[:react-native-firebase_auth] AndroidManifest.xml:12:22-65
30
31    <queries>
31-->[:react-native-image-crop-picker] AndroidManifest.xml:10:5-14:15
32        <intent>
32-->[:react-native-image-crop-picker] AndroidManifest.xml:11:9-13:18
33            <action android:name="android.media.action.IMAGE_CAPTURE" />
33-->[:react-native-image-crop-picker] AndroidManifest.xml:12:13-73
33-->[:react-native-image-crop-picker] AndroidManifest.xml:12:21-70
34        </intent>
35
36        <package android:name="androidx.test.orchestrator" />
36-->[androidx.test:runner:1.4.0] AndroidManifest.xml:25:9-62
36-->[androidx.test:runner:1.4.0] AndroidManifest.xml:25:18-59
37        <package android:name="androidx.test.services" />
37-->[androidx.test:runner:1.4.0] AndroidManifest.xml:26:9-58
37-->[androidx.test:runner:1.4.0] AndroidManifest.xml:26:18-55
38        <package android:name="com.google.android.apps.common.testing.services" />
38-->[androidx.test:runner:1.4.0] AndroidManifest.xml:27:9-83
38-->[androidx.test:runner:1.4.0] AndroidManifest.xml:27:18-80
39    </queries>
40
41    <uses-permission android:name="android.permission.FOREGROUND_SERVICE" />
41-->[:react-native-track-player] AndroidManifest.xml:12:5-77
41-->[:react-native-track-player] AndroidManifest.xml:12:22-74
42    <uses-permission android:name="com.google.android.finsky.permission.BIND_GET_INSTALL_REFERRER_SERVICE" />
42-->[com.google.android.gms:play-services-measurement:19.0.1] AndroidManifest.xml:26:5-110
42-->[com.google.android.gms:play-services-measurement:19.0.1] AndroidManifest.xml:26:22-107
43
44    <permission
44-->[androidx.core:core:1.9.0] AndroidManifest.xml:22:5-24:47
45        android:name="com.masjidapp.DYNAMIC_RECEIVER_NOT_EXPORTED_PERMISSION"
45-->[androidx.core:core:1.9.0] AndroidManifest.xml:23:9-81
46        android:protectionLevel="signature" />
46-->[androidx.core:core:1.9.0] AndroidManifest.xml:24:9-44
47
48    <uses-permission android:name="com.masjidapp.DYNAMIC_RECEIVER_NOT_EXPORTED_PERMISSION" /> <!-- for android -->
48-->[androidx.core:core:1.9.0] AndroidManifest.xml:26:5-97
48-->[androidx.core:core:1.9.0] AndroidManifest.xml:26:22-94
49    <!-- <uses-permission android:name="com.android.launcher.permission.READ_SETTINGS"/> -->
50    <!-- <uses-permission android:name="com.android.launcher.permission.WRITE_SETTINGS"/> -->
51    <!-- <uses-permission android:name="com.android.launcher.permission.INSTALL_SHORTCUT" /> -->
52    <!-- <uses-permission android:name="com.android.launcher.permission.UNINSTALL_SHORTCUT" /> -->
53    <!-- for Samsung -->
54    <uses-permission android:name="com.sec.android.provider.badge.permission.READ" />
54-->[me.leolin:ShortcutBadger:1.1.22] AndroidManifest.xml:19:5-86
54-->[me.leolin:ShortcutBadger:1.1.22] AndroidManifest.xml:19:22-83
55    <uses-permission android:name="com.sec.android.provider.badge.permission.WRITE" /> <!-- for htc -->
55-->[me.leolin:ShortcutBadger:1.1.22] AndroidManifest.xml:20:5-87
55-->[me.leolin:ShortcutBadger:1.1.22] AndroidManifest.xml:20:22-84
56    <uses-permission android:name="com.htc.launcher.permission.READ_SETTINGS" />
56-->[me.leolin:ShortcutBadger:1.1.22] AndroidManifest.xml:23:5-81
56-->[me.leolin:ShortcutBadger:1.1.22] AndroidManifest.xml:23:22-78
57    <uses-permission android:name="com.htc.launcher.permission.UPDATE_SHORTCUT" /> <!-- for sony -->
57-->[me.leolin:ShortcutBadger:1.1.22] AndroidManifest.xml:24:5-83
57-->[me.leolin:ShortcutBadger:1.1.22] AndroidManifest.xml:24:22-80
58    <uses-permission android:name="com.sonyericsson.home.permission.BROADCAST_BADGE" />
58-->[me.leolin:ShortcutBadger:1.1.22] AndroidManifest.xml:27:5-88
58-->[me.leolin:ShortcutBadger:1.1.22] AndroidManifest.xml:27:22-85
59    <uses-permission android:name="com.sonymobile.home.permission.PROVIDER_INSERT_BADGE" /> <!-- for apex -->
59-->[me.leolin:ShortcutBadger:1.1.22] AndroidManifest.xml:28:5-92
59-->[me.leolin:ShortcutBadger:1.1.22] AndroidManifest.xml:28:22-89
60    <uses-permission android:name="com.anddoes.launcher.permission.UPDATE_COUNT" /> <!-- for solid -->
60-->[me.leolin:ShortcutBadger:1.1.22] AndroidManifest.xml:31:5-84
60-->[me.leolin:ShortcutBadger:1.1.22] AndroidManifest.xml:31:22-81
61    <uses-permission android:name="com.majeur.launcher.permission.UPDATE_BADGE" /> <!-- for huawei -->
61-->[me.leolin:ShortcutBadger:1.1.22] AndroidManifest.xml:34:5-83
61-->[me.leolin:ShortcutBadger:1.1.22] AndroidManifest.xml:34:22-80
62    <uses-permission android:name="com.huawei.android.launcher.permission.CHANGE_BADGE" />
62-->[me.leolin:ShortcutBadger:1.1.22] AndroidManifest.xml:37:5-91
62-->[me.leolin:ShortcutBadger:1.1.22] AndroidManifest.xml:37:22-88
63    <uses-permission android:name="com.huawei.android.launcher.permission.READ_SETTINGS" />
63-->[me.leolin:ShortcutBadger:1.1.22] AndroidManifest.xml:38:5-92
63-->[me.leolin:ShortcutBadger:1.1.22] AndroidManifest.xml:38:22-89
64    <uses-permission android:name="com.huawei.android.launcher.permission.WRITE_SETTINGS" /> <!-- for ZUK -->
64-->[me.leolin:ShortcutBadger:1.1.22] AndroidManifest.xml:39:5-93
64-->[me.leolin:ShortcutBadger:1.1.22] AndroidManifest.xml:39:22-90
65    <uses-permission android:name="android.permission.READ_APP_BADGE" /> <!-- for OPPO -->
65-->[me.leolin:ShortcutBadger:1.1.22] AndroidManifest.xml:42:5-73
65-->[me.leolin:ShortcutBadger:1.1.22] AndroidManifest.xml:42:22-70
66    <uses-permission android:name="com.oppo.launcher.permission.READ_SETTINGS" />
66-->[me.leolin:ShortcutBadger:1.1.22] AndroidManifest.xml:45:5-82
66-->[me.leolin:ShortcutBadger:1.1.22] AndroidManifest.xml:45:22-79
67    <uses-permission android:name="com.oppo.launcher.permission.WRITE_SETTINGS" /> <!-- for EvMe -->
67-->[me.leolin:ShortcutBadger:1.1.22] AndroidManifest.xml:46:5-83
67-->[me.leolin:ShortcutBadger:1.1.22] AndroidManifest.xml:46:22-80
68    <uses-permission android:name="me.everything.badger.permission.BADGE_COUNT_READ" />
68-->[me.leolin:ShortcutBadger:1.1.22] AndroidManifest.xml:49:5-88
68-->[me.leolin:ShortcutBadger:1.1.22] AndroidManifest.xml:49:22-85
69    <uses-permission android:name="me.everything.badger.permission.BADGE_COUNT_WRITE" />
69-->[me.leolin:ShortcutBadger:1.1.22] AndroidManifest.xml:50:5-89
69-->[me.leolin:ShortcutBadger:1.1.22] AndroidManifest.xml:50:22-86
70
71    <application
71-->src\main\AndroidManifest.xml:20:5-43:19
72        android:name="com.masjidapp.MainApplication"
72-->src\main\AndroidManifest.xml:23:7-38
73        android:allowBackup="false"
73-->src\main\AndroidManifest.xml:27:7-34
74        android:appComponentFactory="androidx.core.app.CoreComponentFactory"
74-->[androidx.core:core:1.9.0] AndroidManifest.xml:28:18-86
75        android:icon="@mipmap/ic_launcher"
75-->src\main\AndroidManifest.xml:25:7-41
76        android:label="@string/app_name"
76-->src\main\AndroidManifest.xml:24:7-39
77        android:roundIcon="@mipmap/ic_launcher_round"
77-->src\main\AndroidManifest.xml:26:7-52
78        android:theme="@style/AppTheme"
78-->src\main\AndroidManifest.xml:28:7-38
79        android:usesCleartextTraffic="true" >
79-->src\main\AndroidManifest.xml:21:13-48
80        <activity
80-->src\main\AndroidManifest.xml:31:7-42:18
81            android:name="com.masjidapp.MainActivity"
81-->src\main\AndroidManifest.xml:32:9-37
82            android:configChanges="keyboard|keyboardHidden|orientation|screenSize|uiMode"
82-->src\main\AndroidManifest.xml:34:9-86
83            android:exported="true"
83-->src\main\AndroidManifest.xml:37:9-32
84            android:label="@string/app_name"
84-->src\main\AndroidManifest.xml:33:9-41
85            android:launchMode="singleTask"
85-->src\main\AndroidManifest.xml:35:9-40
86            android:windowSoftInputMode="adjustResize" >
86-->src\main\AndroidManifest.xml:36:9-51
87            <intent-filter>
87-->src\main\AndroidManifest.xml:38:9-41:25
88                <action android:name="android.intent.action.MAIN" />
88-->src\main\AndroidManifest.xml:39:13-65
88-->src\main\AndroidManifest.xml:39:21-62
89
90                <category android:name="android.intent.category.LAUNCHER" />
90-->src\main\AndroidManifest.xml:40:13-73
90-->src\main\AndroidManifest.xml:40:23-70
91            </intent-filter>
92        </activity>
93
94        <service android:name="io.invertase.firebase.messaging.ReactNativeFirebaseMessagingHeadlessService" />
94-->[:react-native-firebase_messaging] AndroidManifest.xml:16:9-111
94-->[:react-native-firebase_messaging] AndroidManifest.xml:16:18-108
95        <service
95-->[:react-native-firebase_messaging] AndroidManifest.xml:17:9-23:19
96            android:name="io.invertase.firebase.messaging.ReactNativeFirebaseMessagingService"
96-->[:react-native-firebase_messaging] AndroidManifest.xml:18:13-95
97            android:exported="false" >
97-->[:react-native-firebase_messaging] AndroidManifest.xml:19:13-37
98            <intent-filter>
98-->[:react-native-firebase_messaging] AndroidManifest.xml:20:13-22:29
99                <action android:name="com.google.firebase.MESSAGING_EVENT" />
99-->[:react-native-firebase_messaging] AndroidManifest.xml:21:17-78
99-->[:react-native-firebase_messaging] AndroidManifest.xml:21:25-75
100            </intent-filter>
101        </service>
102
103        <receiver
103-->[:react-native-firebase_messaging] AndroidManifest.xml:25:9-32:20
104            android:name="io.invertase.firebase.messaging.ReactNativeFirebaseMessagingReceiver"
104-->[:react-native-firebase_messaging] AndroidManifest.xml:26:13-96
105            android:exported="true"
105-->[:react-native-firebase_messaging] AndroidManifest.xml:27:13-36
106            android:permission="com.google.android.c2dm.permission.SEND" >
106-->[:react-native-firebase_messaging] AndroidManifest.xml:28:13-73
107            <intent-filter>
107-->[:react-native-firebase_messaging] AndroidManifest.xml:29:13-31:29
108                <action android:name="com.google.android.c2dm.intent.RECEIVE" />
108-->[:react-native-firebase_messaging] AndroidManifest.xml:30:17-81
108-->[:react-native-firebase_messaging] AndroidManifest.xml:30:25-78
109            </intent-filter>
110        </receiver>
111
112        <meta-data
112-->[:react-native-firebase_messaging] AndroidManifest.xml:34:9-36:36
113            android:name="firebase_messaging_auto_init_enabled"
113-->[:react-native-firebase_messaging] AndroidManifest.xml:35:13-64
114            android:value="true" />
114-->[:react-native-firebase_messaging] AndroidManifest.xml:36:13-33
115        <meta-data
115-->[:react-native-firebase_messaging] AndroidManifest.xml:37:9-39:32
116            android:name="com.google.firebase.messaging.default_notification_channel_id"
116-->[:react-native-firebase_messaging] AndroidManifest.xml:38:13-89
117            android:value="" />
117-->[:react-native-firebase_messaging] AndroidManifest.xml:39:13-29
118        <meta-data
118-->[:react-native-firebase_messaging] AndroidManifest.xml:40:9-42:47
119            android:name="com.google.firebase.messaging.default_notification_color"
119-->[:react-native-firebase_messaging] AndroidManifest.xml:41:13-84
120            android:resource="@color/white" />
120-->[:react-native-firebase_messaging] AndroidManifest.xml:42:13-44
121        <meta-data
121-->[:react-native-firebase_app] AndroidManifest.xml:12:9-14:36
122            android:name="app_data_collection_default_enabled"
122-->[:react-native-firebase_app] AndroidManifest.xml:13:13-63
123            android:value="true" />
123-->[:react-native-firebase_app] AndroidManifest.xml:14:13-33
124
125        <service
125-->[:react-native-firebase_app] AndroidManifest.xml:16:9-20:19
126            android:name="com.google.firebase.components.ComponentDiscoveryService"
126-->[:react-native-firebase_app] AndroidManifest.xml:16:18-89
127            android:directBootAware="true"
127-->[com.google.firebase:firebase-common:20.0.0] AndroidManifest.xml:35:13-43
128            android:exported="false" >
128-->[com.google.firebase:firebase-auth:21.0.1] AndroidManifest.xml:76:13-37
129            <meta-data
129-->[:react-native-firebase_app] AndroidManifest.xml:17:13-19:85
130                android:name="com.google.firebase.components:io.invertase.firebase.app.ReactNativeFirebaseAppRegistrar"
130-->[:react-native-firebase_app] AndroidManifest.xml:18:17-120
131                android:value="com.google.firebase.components.ComponentRegistrar" />
131-->[:react-native-firebase_app] AndroidManifest.xml:19:17-82
132            <meta-data
132-->[com.google.firebase:firebase-auth:21.0.1] AndroidManifest.xml:77:13-79:85
133                android:name="com.google.firebase.components:com.google.firebase.auth.FirebaseAuthRegistrar"
133-->[com.google.firebase:firebase-auth:21.0.1] AndroidManifest.xml:78:17-109
134                android:value="com.google.firebase.components.ComponentRegistrar" />
134-->[com.google.firebase:firebase-auth:21.0.1] AndroidManifest.xml:79:17-82
135            <meta-data
135-->[com.google.firebase:firebase-messaging:22.0.0] AndroidManifest.xml:52:13-54:85
136                android:name="com.google.firebase.components:com.google.firebase.messaging.FirebaseMessagingRegistrar"
136-->[com.google.firebase:firebase-messaging:22.0.0] AndroidManifest.xml:53:17-119
137                android:value="com.google.firebase.components.ComponentRegistrar" />
137-->[com.google.firebase:firebase-messaging:22.0.0] AndroidManifest.xml:54:17-82
138            <meta-data
138-->[com.google.firebase:firebase-datatransport:18.0.0] AndroidManifest.xml:28:13-30:85
139                android:name="com.google.firebase.components:com.google.firebase.datatransport.TransportRegistrar"
139-->[com.google.firebase:firebase-datatransport:18.0.0] AndroidManifest.xml:29:17-115
140                android:value="com.google.firebase.components.ComponentRegistrar" />
140-->[com.google.firebase:firebase-datatransport:18.0.0] AndroidManifest.xml:30:17-82
141            <meta-data
141-->[com.google.android.gms:play-services-measurement-api:19.0.1] AndroidManifest.xml:30:13-32:85
142                android:name="com.google.firebase.components:com.google.firebase.analytics.connector.internal.AnalyticsConnectorRegistrar"
142-->[com.google.android.gms:play-services-measurement-api:19.0.1] AndroidManifest.xml:31:17-139
143                android:value="com.google.firebase.components.ComponentRegistrar" />
143-->[com.google.android.gms:play-services-measurement-api:19.0.1] AndroidManifest.xml:32:17-82
144            <meta-data
144-->[com.google.firebase:firebase-installations:17.0.0] AndroidManifest.xml:18:13-20:85
145                android:name="com.google.firebase.components:com.google.firebase.installations.FirebaseInstallationsRegistrar"
145-->[com.google.firebase:firebase-installations:17.0.0] AndroidManifest.xml:19:17-127
146                android:value="com.google.firebase.components.ComponentRegistrar" />
146-->[com.google.firebase:firebase-installations:17.0.0] AndroidManifest.xml:20:17-82
147        </service>
148
149        <provider
149-->[:react-native-firebase_app] AndroidManifest.xml:22:9-26:38
150            android:name="io.invertase.firebase.app.ReactNativeFirebaseAppInitProvider"
150-->[:react-native-firebase_app] AndroidManifest.xml:23:13-88
151            android:authorities="com.masjidapp.reactnativefirebaseappinitprovider"
151-->[:react-native-firebase_app] AndroidManifest.xml:24:13-86
152            android:exported="false"
152-->[:react-native-firebase_app] AndroidManifest.xml:25:13-37
153            android:initOrder="99" />
153-->[:react-native-firebase_app] AndroidManifest.xml:26:13-35
154        <provider
154-->[:react-native-image-crop-picker] AndroidManifest.xml:19:9-27:20
155            android:name="androidx.core.content.FileProvider"
155-->[:react-native-image-crop-picker] AndroidManifest.xml:20:13-62
156            android:authorities="com.masjidapp.provider"
156-->[:react-native-image-crop-picker] AndroidManifest.xml:21:13-60
157            android:exported="false"
157-->[:react-native-image-crop-picker] AndroidManifest.xml:22:13-37
158            android:grantUriPermissions="true" >
158-->[:react-native-image-crop-picker] AndroidManifest.xml:23:13-47
159            <meta-data
159-->[:react-native-image-crop-picker] AndroidManifest.xml:24:13-26:58
160                android:name="android.support.FILE_PROVIDER_PATHS"
160-->[:react-native-image-crop-picker] AndroidManifest.xml:25:17-67
161                android:resource="@xml/provider_paths" />
161-->[:react-native-image-crop-picker] AndroidManifest.xml:26:17-55
162        </provider>
163
164        <activity
164-->[:react-native-image-crop-picker] AndroidManifest.xml:29:9-31:72
165            android:name="com.yalantis.ucrop.UCropActivity"
165-->[:react-native-image-crop-picker] AndroidManifest.xml:30:13-60
166            android:theme="@style/Theme.AppCompat.Light.NoActionBar" />
166-->[:react-native-image-crop-picker] AndroidManifest.xml:31:13-69
167
168        <provider
168-->[:react-native-share] AndroidManifest.xml:10:9-18:20
169            android:name="cl.json.RNShareFileProvider"
169-->[:react-native-share] AndroidManifest.xml:11:13-55
170            android:authorities="com.masjidapp.rnshare.fileprovider"
170-->[:react-native-share] AndroidManifest.xml:12:13-72
171            android:exported="false"
171-->[:react-native-share] AndroidManifest.xml:13:13-37
172            android:grantUriPermissions="true" >
172-->[:react-native-share] AndroidManifest.xml:14:13-47
173            <meta-data
173-->[:react-native-image-crop-picker] AndroidManifest.xml:24:13-26:58
174                android:name="android.support.FILE_PROVIDER_PATHS"
174-->[:react-native-image-crop-picker] AndroidManifest.xml:25:17-67
175                android:resource="@xml/share_download_paths" />
175-->[:react-native-image-crop-picker] AndroidManifest.xml:26:17-55
176        </provider> <!-- The main service, handles playback, playlists and media buttons -->
177        <service
177-->[:react-native-track-player] AndroidManifest.xml:17:9-24:19
178            android:name="com.doublesymmetry.trackplayer.service.MusicService"
178-->[:react-native-track-player] AndroidManifest.xml:18:13-79
179            android:enabled="true"
179-->[:react-native-track-player] AndroidManifest.xml:19:13-35
180            android:exported="false" >
180-->[:react-native-track-player] AndroidManifest.xml:20:13-37
181            <intent-filter>
181-->[:react-native-track-player] AndroidManifest.xml:21:13-23:29
182                <action android:name="android.intent.action.MEDIA_BUTTON" />
182-->[:react-native-track-player] AndroidManifest.xml:22:17-77
182-->[:react-native-track-player] AndroidManifest.xml:22:25-74
183            </intent-filter>
184        </service> <!-- A receiver that will receive media buttons. Required on pre-lollipop devices -->
185        <receiver
185-->[:react-native-track-player] AndroidManifest.xml:27:9-33:20
186            android:name="androidx.media.session.MediaButtonReceiver"
186-->[:react-native-track-player] AndroidManifest.xml:28:13-70
187            android:exported="true" >
187-->[:react-native-track-player] AndroidManifest.xml:29:13-36
188            <intent-filter>
188-->[:react-native-track-player] AndroidManifest.xml:21:13-23:29
189                <action android:name="android.intent.action.MEDIA_BUTTON" />
189-->[:react-native-track-player] AndroidManifest.xml:22:17-77
189-->[:react-native-track-player] AndroidManifest.xml:22:25-74
190            </intent-filter>
191        </receiver>
192
193        <activity
193-->[com.google.firebase:firebase-auth:21.0.1] AndroidManifest.xml:27:9-44:20
194            android:name="com.google.firebase.auth.internal.GenericIdpActivity"
194-->[com.google.firebase:firebase-auth:21.0.1] AndroidManifest.xml:28:13-80
195            android:excludeFromRecents="true"
195-->[com.google.firebase:firebase-auth:21.0.1] AndroidManifest.xml:29:13-46
196            android:exported="true"
196-->[com.google.firebase:firebase-auth:21.0.1] AndroidManifest.xml:30:13-36
197            android:launchMode="singleTask"
197-->[com.google.firebase:firebase-auth:21.0.1] AndroidManifest.xml:31:13-44
198            android:theme="@android:style/Theme.Translucent.NoTitleBar" >
198-->[com.google.firebase:firebase-auth:21.0.1] AndroidManifest.xml:32:13-72
199            <intent-filter>
199-->[com.google.firebase:firebase-auth:21.0.1] AndroidManifest.xml:33:13-43:29
200                <action android:name="android.intent.action.VIEW" />
200-->[com.google.firebase:firebase-auth:21.0.1] AndroidManifest.xml:34:17-69
200-->[com.google.firebase:firebase-auth:21.0.1] AndroidManifest.xml:34:25-66
201
202                <category android:name="android.intent.category.DEFAULT" />
202-->[com.google.firebase:firebase-auth:21.0.1] AndroidManifest.xml:36:17-76
202-->[com.google.firebase:firebase-auth:21.0.1] AndroidManifest.xml:36:27-73
203                <category android:name="android.intent.category.BROWSABLE" />
203-->[com.google.firebase:firebase-auth:21.0.1] AndroidManifest.xml:37:17-78
203-->[com.google.firebase:firebase-auth:21.0.1] AndroidManifest.xml:37:27-75
204
205                <data
205-->[com.google.firebase:firebase-auth:21.0.1] AndroidManifest.xml:39:17-42:51
206                    android:host="firebase.auth"
206-->[com.google.firebase:firebase-auth:21.0.1] AndroidManifest.xml:40:21-49
207                    android:path="/"
207-->[com.google.firebase:firebase-auth:21.0.1] AndroidManifest.xml:41:21-37
208                    android:scheme="genericidp" />
208-->[com.google.firebase:firebase-auth:21.0.1] AndroidManifest.xml:42:21-48
209            </intent-filter>
210        </activity>
211        <activity
211-->[com.google.firebase:firebase-auth:21.0.1] AndroidManifest.xml:45:9-62:20
212            android:name="com.google.firebase.auth.internal.RecaptchaActivity"
212-->[com.google.firebase:firebase-auth:21.0.1] AndroidManifest.xml:46:13-79
213            android:excludeFromRecents="true"
213-->[com.google.firebase:firebase-auth:21.0.1] AndroidManifest.xml:47:13-46
214            android:exported="true"
214-->[com.google.firebase:firebase-auth:21.0.1] AndroidManifest.xml:48:13-36
215            android:launchMode="singleTask"
215-->[com.google.firebase:firebase-auth:21.0.1] AndroidManifest.xml:49:13-44
216            android:theme="@android:style/Theme.Translucent.NoTitleBar" >
216-->[com.google.firebase:firebase-auth:21.0.1] AndroidManifest.xml:50:13-72
217            <intent-filter>
217-->[com.google.firebase:firebase-auth:21.0.1] AndroidManifest.xml:51:13-61:29
218                <action android:name="android.intent.action.VIEW" />
218-->[com.google.firebase:firebase-auth:21.0.1] AndroidManifest.xml:34:17-69
218-->[com.google.firebase:firebase-auth:21.0.1] AndroidManifest.xml:34:25-66
219
220                <category android:name="android.intent.category.DEFAULT" />
220-->[com.google.firebase:firebase-auth:21.0.1] AndroidManifest.xml:36:17-76
220-->[com.google.firebase:firebase-auth:21.0.1] AndroidManifest.xml:36:27-73
221                <category android:name="android.intent.category.BROWSABLE" />
221-->[com.google.firebase:firebase-auth:21.0.1] AndroidManifest.xml:37:17-78
221-->[com.google.firebase:firebase-auth:21.0.1] AndroidManifest.xml:37:27-75
222
223                <data
223-->[com.google.firebase:firebase-auth:21.0.1] AndroidManifest.xml:39:17-42:51
224                    android:host="firebase.auth"
224-->[com.google.firebase:firebase-auth:21.0.1] AndroidManifest.xml:40:21-49
225                    android:path="/"
225-->[com.google.firebase:firebase-auth:21.0.1] AndroidManifest.xml:41:21-37
226                    android:scheme="recaptcha" />
226-->[com.google.firebase:firebase-auth:21.0.1] AndroidManifest.xml:42:21-48
227            </intent-filter>
228        </activity>
229
230        <service
230-->[com.google.firebase:firebase-auth:21.0.1] AndroidManifest.xml:64:9-73:19
231            android:name="com.google.firebase.auth.api.fallback.service.FirebaseAuthFallbackService"
231-->[com.google.firebase:firebase-auth:21.0.1] AndroidManifest.xml:65:13-101
232            android:enabled="true"
232-->[com.google.firebase:firebase-auth:21.0.1] AndroidManifest.xml:66:13-35
233            android:exported="false" >
233-->[com.google.firebase:firebase-auth:21.0.1] AndroidManifest.xml:67:13-37
234            <intent-filter>
234-->[com.google.firebase:firebase-auth:21.0.1] AndroidManifest.xml:68:13-72:29
235                <action android:name="com.google.firebase.auth.api.gms.service.START" />
235-->[com.google.firebase:firebase-auth:21.0.1] AndroidManifest.xml:69:17-89
235-->[com.google.firebase:firebase-auth:21.0.1] AndroidManifest.xml:69:25-86
236
237                <category android:name="android.intent.category.DEFAULT" />
237-->[com.google.firebase:firebase-auth:21.0.1] AndroidManifest.xml:36:17-76
237-->[com.google.firebase:firebase-auth:21.0.1] AndroidManifest.xml:36:27-73
238            </intent-filter>
239        </service>
240
241        <activity
241-->[com.google.android.gms:play-services-auth:19.2.0] AndroidManifest.xml:23:9-27:75
242            android:name="com.google.android.gms.auth.api.signin.internal.SignInHubActivity"
242-->[com.google.android.gms:play-services-auth:19.2.0] AndroidManifest.xml:24:13-93
243            android:excludeFromRecents="true"
243-->[com.google.android.gms:play-services-auth:19.2.0] AndroidManifest.xml:25:13-46
244            android:exported="false"
244-->[com.google.android.gms:play-services-auth:19.2.0] AndroidManifest.xml:26:13-37
245            android:theme="@android:style/Theme.Translucent.NoTitleBar" />
245-->[com.google.android.gms:play-services-auth:19.2.0] AndroidManifest.xml:27:13-72
246        <!--
247            Service handling Google Sign-In user revocation. For apps that do not integrate with
248            Google Sign-In, this service will never be started.
249        -->
250        <service
250-->[com.google.android.gms:play-services-auth:19.2.0] AndroidManifest.xml:33:9-37:51
251            android:name="com.google.android.gms.auth.api.signin.RevocationBoundService"
251-->[com.google.android.gms:play-services-auth:19.2.0] AndroidManifest.xml:34:13-89
252            android:exported="true"
252-->[com.google.android.gms:play-services-auth:19.2.0] AndroidManifest.xml:35:13-36
253            android:permission="com.google.android.gms.auth.api.signin.permission.REVOCATION_NOTIFICATION"
253-->[com.google.android.gms:play-services-auth:19.2.0] AndroidManifest.xml:36:13-107
254            android:visibleToInstantApps="true" />
254-->[com.google.android.gms:play-services-auth:19.2.0] AndroidManifest.xml:37:13-48
255
256        <activity
256-->[com.google.android.gms:play-services-base:17.5.0] AndroidManifest.xml:23:9-26:75
257            android:name="com.google.android.gms.common.api.GoogleApiActivity"
257-->[com.google.android.gms:play-services-base:17.5.0] AndroidManifest.xml:24:13-79
258            android:exported="false"
258-->[com.google.android.gms:play-services-base:17.5.0] AndroidManifest.xml:25:13-37
259            android:theme="@android:style/Theme.Translucent.NoTitleBar" />
259-->[com.google.android.gms:play-services-base:17.5.0] AndroidManifest.xml:26:13-72
260
261        <receiver
261-->[com.google.firebase:firebase-messaging:22.0.0] AndroidManifest.xml:28:9-35:20
262            android:name="com.google.firebase.iid.FirebaseInstanceIdReceiver"